(t0): idle running
(t1): idle running
(t2): idle running
(t3): New task P4
(t2): Context switch (idle)<->(P4)
(t3): P4 running
(t4): P4 running
(t5): P4 running
(t6): Task P4 goes to sleep until (t8)
(t5): Context switch (P4)<->(idle)
(t6): idle running
(t7): idle running
(t8): task P4 awake
(t7): Context switch (idle)<->(P4)
(t8): P4 running
(t9): Task P4 goes to sleep until (t10)
(t8): Context switch (P4)<->(idle)
(t9): idle running
==================
P4	3	6	running
P4	6	8	I/O
P4	8	9	running
P4	9	10	I/O
